2023-08-29 21:04:02,620:WARNING:
'cuml' is a soft dependency and not included in the pycaret installation. Please run: `pip install cuml` to install.
2023-08-29 21:04:02,620:WARNING:
'cuml' is a soft dependency and not included in the pycaret installation. Please run: `pip install cuml` to install.
2023-08-29 21:04:02,620:WARNING:
'cuml' is a soft dependency and not included in the pycaret installation. Please run: `pip install cuml` to install.
2023-08-29 21:04:02,620:WARNING:
'cuml' is a soft dependency and not included in the pycaret installation. Please run: `pip install cuml` to install.
2023-08-29 21:04:03,003:WARNING:
'prophet' is a soft dependency and not included in the pycaret installation. Please run: `pip install prophet` to install.
2023-08-29 21:04:03,358:INFO:Initializing load_model()
2023-08-29 21:04:03,358:INFO:load_model(model_name=Data/ICU_prediction_finetune_naive_bayes23, platform=None, authentication=None, verbose=True)
2023-08-29 21:04:06,560:INFO:Initializing load_model()
2023-08-29 21:04:06,560:INFO:load_model(model_name=Data/ICU_prediction_finetune_naive_bayes23, platform=None, authentication=None, verbose=True)
2023-08-29 21:04:16,436:INFO:Initializing load_model()
2023-08-29 21:04:16,439:INFO:load_model(model_name=Data/ICU_prediction_finetune_naive_bayes23, platform=None, authentication=None, verbose=True)
2023-08-29 21:04:17,323:INFO:Initializing load_model()
2023-08-29 21:04:17,324:INFO:load_model(model_name=Data/ICU_prediction_finetune_naive_bayes23, platform=None, authentication=None, verbose=True)
2023-08-29 21:04:18,690:INFO:Initializing load_model()
2023-08-29 21:04:18,690:INFO:load_model(model_name=Data/ICU_prediction_finetune_naive_bayes23, platform=None, authentication=None, verbose=True)
2023-08-29 21:04:21,672:INFO:Initializing load_model()
2023-08-29 21:04:21,673:INFO:load_model(model_name=Data/ICU_prediction_finetune_naive_bayes23, platform=None, authentication=None, verbose=True)
2023-08-29 21:04:22,188:INFO:Initializing load_model()
2023-08-29 21:04:22,189:INFO:load_model(model_name=Data/ICU_prediction_finetune_naive_bayes23, platform=None, authentication=None, verbose=True)
2023-08-29 21:04:23,370:INFO:Initializing load_model()
2023-08-29 21:04:23,370:INFO:load_model(model_name=Data/ICU_prediction_finetune_naive_bayes23, platform=None, authentication=None, verbose=True)
2023-08-29 21:04:36,288:INFO:Initializing load_model()
2023-08-29 21:04:36,289:INFO:load_model(model_name=Data/ICU_prediction_finetune_naive_bayes23, platform=None, authentication=None, verbose=True)
2023-08-29 21:05:45,931:INFO:Initializing load_model()
2023-08-29 21:05:45,932:INFO:load_model(model_name=Data/ICU_prediction_finetune_naive_bayes23, platform=None, authentication=None, verbose=True)
2023-08-29 21:06:00,207:INFO:Initializing load_model()
2023-08-29 21:06:00,207:INFO:load_model(model_name=Data/ICU_prediction_finetune_naive_bayes23, platform=None, authentication=None, verbose=True)
2023-08-29 21:06:05,850:INFO:Initializing load_model()
2023-08-29 21:06:05,850:INFO:load_model(model_name=Data/ICU_prediction_finetune_naive_bayes23, platform=None, authentication=None, verbose=True)
2023-08-29 21:19:48,578:INFO:Initializing load_model()
2023-08-29 21:19:48,578:INFO:load_model(model_name=Data/ICU_prediction_finetune_naive_bayes23, platform=None, authentication=None, verbose=True)
2023-08-29 21:19:50,142:INFO:Initializing load_model()
2023-08-29 21:19:50,144:INFO:load_model(model_name=Data/ICU_prediction_finetune_naive_bayes23, platform=None, authentication=None, verbose=True)
2023-08-29 21:20:21,197:INFO:Initializing load_model()
2023-08-29 21:20:21,197:INFO:load_model(model_name=Data/ICU_prediction_finetune_naive_bayes23, platform=None, authentication=None, verbose=True)
2023-08-29 21:20:21,791:INFO:Initializing load_model()
2023-08-29 21:20:21,792:INFO:load_model(model_name=Data/ICU_prediction_finetune_naive_bayes23, platform=None, authentication=None, verbose=True)
2023-08-29 21:27:28,919:INFO:Initializing load_model()
2023-08-29 21:27:28,919:INFO:load_model(model_name=Data/ICU_prediction_finetune_naive_bayes23, platform=None, authentication=None, verbose=True)
2023-08-29 21:27:30,439:INFO:Initializing load_model()
2023-08-29 21:27:30,439:INFO:load_model(model_name=Data/ICU_prediction_finetune_naive_bayes23, platform=None, authentication=None, verbose=True)
2023-08-29 21:27:32,171:INFO:Initializing load_model()
2023-08-29 21:27:32,172:INFO:load_model(model_name=Data/ICU_prediction_finetune_naive_bayes23, platform=None, authentication=None, verbose=True)
2023-08-29 21:27:32,493:INFO:Initializing predict_model()
2023-08-29 21:27:32,493:INFO:predict_model(self=<pycaret.classification.oop.ClassificationExperiment object at 0x13e0eefd0>, estimator=Pipeline(memory=Memory(location=Data/joblib),
         steps=[('numerical_imputer',
                 TransformerWrapper(include=['Procalcitonin', 'CRP', 'Ferritin',
                                             'RR', 'LDH', 'SOB', 'SpO2',
                                             'Fever', 'hypertensionhx',
                                             'smoking_history', 'ALT',
                                             'Fatigue',
                                             'Chest.discomfort..chest.pain'],
                                    transformer=SimpleImputer())),
                ('categorical_imputer',
                 TransformerWrapper(include=[],
                                    transformer=SimpleImputer(strategy='most_frequent'))),
                ('balance',
                 TransformerWrapper(transformer=FixImbalancer(estimator=SMOTE()))),
                ('normalize', TransformerWrapper(transformer=StandardScaler())),
                ('clean_column_names',
                 TransformerWrapper(transformer=CleanColumnNames())),
                ('trained_model', GaussianNB())]), probability_threshold=None, encoded_labels=False, raw_score=False, round=4, verbose=True, ml_usecase=None, preprocess=True, encode_labels=<function _SupervisedExperiment.predict_model.<locals>.encode_labels at 0x13e2065e0>)
2023-08-29 21:27:32,493:INFO:Checking exceptions
2023-08-29 21:27:32,493:INFO:Preloading libraries
2023-08-29 21:27:32,493:INFO:Set up data.
2023-08-29 21:27:32,495:INFO:Set up index.
2023-10-13 13:52:46,414:INFO:Initializing load_model()
2023-10-13 13:52:46,416:INFO:load_model(verbose=True, authentication=None, platform=None, model_name=D:/Python_Project/ICU/Abhishek_Yadav_ICU/ICUPredictionDeepAarogya/Data/ICU_prediction_finetune_naive_bayes23)
2023-10-13 13:52:52,013:INFO:Initializing load_model()
2023-10-13 13:52:52,015:INFO:load_model(verbose=True, authentication=None, platform=None, model_name=D:/Python_Project/ICU/Abhishek_Yadav_ICU/ICUPredictionDeepAarogya/Data/ICU_prediction_finetune_naive_bayes23)
2023-10-13 13:52:56,004:INFO:Initializing load_model()
2023-10-13 13:52:56,005:INFO:load_model(verbose=True, authentication=None, platform=None, model_name=D:/Python_Project/ICU/Abhishek_Yadav_ICU/ICUPredictionDeepAarogya/Data/ICU_prediction_finetune_naive_bayes23)
2023-10-13 13:52:58,007:INFO:Initializing load_model()
2023-10-13 13:52:58,008:INFO:load_model(verbose=True, authentication=None, platform=None, model_name=D:/Python_Project/ICU/Abhishek_Yadav_ICU/ICUPredictionDeepAarogya/Data/ICU_prediction_finetune_naive_bayes23)
2023-10-13 13:53:02,998:INFO:Initializing load_model()
2023-10-13 13:53:02,998:INFO:load_model(verbose=True, authentication=None, platform=None, model_name=D:/Python_Project/ICU/Abhishek_Yadav_ICU/ICUPredictionDeepAarogya/Data/ICU_prediction_finetune_naive_bayes23)
2023-10-13 13:53:21,707:INFO:Initializing load_model()
2023-10-13 13:53:21,708:INFO:Initializing load_model()
2023-10-13 13:53:21,708:INFO:Initializing load_model()
2023-10-13 13:53:21,708:INFO:Initializing load_model()
2023-10-13 13:53:21,708:INFO:Initializing load_model()
2023-10-13 13:53:21,709:INFO:load_model(verbose=True, authentication=None, platform=None, model_name=Data/ICU_prediction_finetune_naive_bayes23)
2023-10-13 13:53:21,709:INFO:load_model(verbose=True, authentication=None, platform=None, model_name=Data/ICU_prediction_finetune_naive_bayes23)
2023-10-13 13:53:21,710:INFO:load_model(verbose=True, authentication=None, platform=None, model_name=Data/ICU_prediction_finetune_naive_bayes23)
2023-10-13 13:53:21,710:INFO:load_model(verbose=True, authentication=None, platform=None, model_name=Data/ICU_prediction_finetune_naive_bayes23)
2023-10-13 13:53:21,710:INFO:load_model(verbose=True, authentication=None, platform=None, model_name=Data/ICU_prediction_finetune_naive_bayes23)
2023-10-13 13:54:48,535:INFO:Initializing load_model()
2023-10-13 13:54:48,536:INFO:load_model(verbose=True, authentication=None, platform=None, model_name=Data/ICU_prediction_finetune_naive_bayes23)
2023-10-13 13:54:49,994:INFO:Initializing load_model()
2023-10-13 13:54:49,995:INFO:load_model(verbose=True, authentication=None, platform=None, model_name=Data/ICU_prediction_finetune_naive_bayes23)
2023-10-13 13:54:51,207:INFO:Initializing load_model()
2023-10-13 13:54:51,207:INFO:load_model(verbose=True, authentication=None, platform=None, model_name=Data/ICU_prediction_finetune_naive_bayes23)
2023-10-13 13:54:56,984:INFO:Initializing load_model()
2023-10-13 13:54:56,985:INFO:load_model(verbose=True, authentication=None, platform=None, model_name=Data/ICU_prediction_finetune_naive_bayes23)
2023-10-13 13:55:42,995:INFO:Initializing load_model()
2023-10-13 13:55:42,995:INFO:load_model(verbose=True, authentication=None, platform=None, model_name=Data/ICU_prediction_finetune_naive_bayes23)
2023-10-13 13:55:44,196:INFO:Initializing load_model()
2023-10-13 13:55:44,199:INFO:load_model(verbose=True, authentication=None, platform=None, model_name=Data/ICU_prediction_finetune_naive_bayes23)
2023-10-13 14:00:29,723:INFO:Initializing load_model()
2023-10-13 14:00:29,741:INFO:load_model(verbose=True, authentication=None, platform=None, model_name=Data/ICU_prediction_finetune_naive_bayes23)
2023-10-13 14:01:06,011:INFO:Initializing load_model()
2023-10-13 14:01:06,011:INFO:load_model(verbose=True, authentication=None, platform=None, model_name=Data/ICU_prediction_finetune_naive_bayes23)
2023-10-13 14:01:09,994:INFO:Initializing load_model()
2023-10-13 14:01:09,994:INFO:load_model(verbose=True, authentication=None, platform=None, model_name=Data/ICU_prediction_finetune_naive_bayes23)
2023-10-13 14:01:12,988:INFO:Initializing load_model()
2023-10-13 14:01:12,989:INFO:load_model(verbose=True, authentication=None, platform=None, model_name=Data/ICU_prediction_finetune_naive_bayes23)
2023-10-13 14:01:14,167:INFO:Initializing load_model()
2023-10-13 14:01:14,168:INFO:load_model(verbose=True, authentication=None, platform=None, model_name=Data/ICU_prediction_finetune_naive_bayes23)
2023-10-13 14:01:19,003:INFO:Initializing load_model()
2023-10-13 14:01:19,004:INFO:load_model(verbose=True, authentication=None, platform=None, model_name=Data/ICU_prediction_finetune_naive_bayes23)
2023-10-13 14:01:21,022:INFO:Initializing load_model()
2023-10-13 14:01:21,023:INFO:load_model(verbose=True, authentication=None, platform=None, model_name=Data/ICU_prediction_finetune_naive_bayes23)
2023-10-13 14:46:29,349:WARNING:
'cuml' is a soft dependency and not included in the pycaret installation. Please run: `pip install cuml` to install.
2023-10-13 14:46:29,350:WARNING:
'cuml' is a soft dependency and not included in the pycaret installation. Please run: `pip install cuml` to install.
2023-10-13 14:46:29,350:WARNING:
'cuml' is a soft dependency and not included in the pycaret installation. Please run: `pip install cuml` to install.
2023-10-13 14:46:29,350:WARNING:
'cuml' is a soft dependency and not included in the pycaret installation. Please run: `pip install cuml` to install.
2023-10-13 14:46:33,521:INFO:Initializing load_model()
2023-10-13 14:46:33,522:INFO:load_model(model_name=Data/ICU_prediction_finetune_naive_bayes23, platform=None, authentication=None, verbose=True)
2023-10-13 14:46:33,652:WARNING:C:\Users\abhis\anaconda3\envs\Streamlit_app\lib\site-packages\pycaret\internal\pipeline.py:139: UserWarning: Version mismatch:
current: {'deps_info': {'pip': '23.2.1', 'setuptools': '68.0.0', 'pycaret': '3.1.0', 'IPython': '8.16.1', 'ipywidgets': '8.1.1', 'tqdm': '4.66.1', 'numpy': '1.23.5', 'pandas': '1.5.3', 'jinja2': '3.1.2', 'scipy': '1.10.1', 'joblib': '1.3.2', 'sklearn': '1.2.2', 'pyod': '1.1.0', 'imblearn': '0.11.0', 'category_encoders': '2.6.2', 'lightgbm': '4.1.0', 'numba': '0.58.0', 'requests': '2.31.0', 'matplotlib': '3.8.0', 'scikitplot': '0.3.7', 'yellowbrick': '1.5', 'plotly': '5.17.0', 'plotly-resampler': 'Not installed', 'kaleido': '0.2.1', 'schemdraw': '0.15', 'statsmodels': '0.14.0', 'sktime': '0.21.1', 'tbats': '1.1.3', 'pmdarima': '2.0.3', 'psutil': '5.9.5', 'markupsafe': '2.1.3', 'pickle5': 'Not installed', 'cloudpickle': '2.2.1', 'deprecation': '2.1.0', 'xxhash': '3.4.1', 'wurlitzer': 'Not installed'}, 'python': {'version': '3.10.13', 'machine': 'AMD64'}}
pickle: {'deps_info': {'pip': '23.1.2', 'setuptools': '67.8.0', 'pycaret': '3.0.2', 'IPython': '8.12.2', 'ipywidgets': '8.0.6', 'tqdm': '4.65.0', 'numpy': '1.24.3', 'pandas': '1.5.3', 'jinja2': '3.1.2', 'scipy': '1.10.1', 'joblib': '1.2.0', 'sklearn': '1.2.2', 'pyod': '1.0.9', 'imblearn': '0.10.1', 'category_encoders': '2.6.1', 'lightgbm': '3.3.5', 'numba': '0.57.0', 'requests': '2.29.0', 'matplotlib': '3.7.1', 'scikitplot': '0.3.7', 'yellowbrick': '1.5', 'plotly': '5.15.0', 'kaleido': '0.2.1', 'statsmodels': '0.14.0', 'sktime': '0.17.0', 'tbats': '1.1.3', 'pmdarima': '2.0.3', 'psutil': '5.9.5'}, 'python': {'version': '3.8.16', 'machine': 'arm64'}}
  warnings.warn(

2023-10-13 14:46:47,007:INFO:Initializing load_model()
2023-10-13 14:46:47,007:INFO:load_model(model_name=Data/ICU_prediction_finetune_xgb, platform=None, authentication=None, verbose=True)
2023-10-13 14:46:48,702:INFO:Initializing load_model()
2023-10-13 14:46:48,703:INFO:load_model(model_name=Data/ICU_prediction_finetune_naive_bayes23, platform=None, authentication=None, verbose=True)
2023-10-13 14:46:48,713:WARNING:C:\Users\abhis\anaconda3\envs\Streamlit_app\lib\site-packages\pycaret\internal\pipeline.py:139: UserWarning: Version mismatch:
current: {'deps_info': {'pip': '23.2.1', 'setuptools': '68.0.0', 'pycaret': '3.1.0', 'IPython': '8.16.1', 'ipywidgets': '8.1.1', 'tqdm': '4.66.1', 'numpy': '1.23.5', 'pandas': '1.5.3', 'jinja2': '3.1.2', 'scipy': '1.10.1', 'joblib': '1.3.2', 'sklearn': '1.2.2', 'pyod': '1.1.0', 'imblearn': '0.11.0', 'category_encoders': '2.6.2', 'lightgbm': '4.1.0', 'numba': '0.58.0', 'requests': '2.31.0', 'matplotlib': '3.8.0', 'scikitplot': '0.3.7', 'yellowbrick': '1.5', 'plotly': '5.17.0', 'plotly-resampler': 'Not installed', 'kaleido': '0.2.1', 'schemdraw': '0.15', 'statsmodels': '0.14.0', 'sktime': '0.21.1', 'tbats': '1.1.3', 'pmdarima': '2.0.3', 'psutil': '5.9.5', 'markupsafe': '2.1.3', 'pickle5': 'Not installed', 'cloudpickle': '2.2.1', 'deprecation': '2.1.0', 'xxhash': '3.4.1', 'wurlitzer': 'Not installed'}, 'python': {'version': '3.10.13', 'machine': 'AMD64'}}
pickle: {'deps_info': {'pip': '23.1.2', 'setuptools': '67.8.0', 'pycaret': '3.0.2', 'IPython': '8.12.2', 'ipywidgets': '8.0.6', 'tqdm': '4.65.0', 'numpy': '1.24.3', 'pandas': '1.5.3', 'jinja2': '3.1.2', 'scipy': '1.10.1', 'joblib': '1.2.0', 'sklearn': '1.2.2', 'pyod': '1.0.9', 'imblearn': '0.10.1', 'category_encoders': '2.6.1', 'lightgbm': '3.3.5', 'numba': '0.57.0', 'requests': '2.29.0', 'matplotlib': '3.7.1', 'scikitplot': '0.3.7', 'yellowbrick': '1.5', 'plotly': '5.15.0', 'kaleido': '0.2.1', 'statsmodels': '0.14.0', 'sktime': '0.17.0', 'tbats': '1.1.3', 'pmdarima': '2.0.3', 'psutil': '5.9.5'}, 'python': {'version': '3.8.16', 'machine': 'arm64'}}
  warnings.warn(

2023-10-13 14:46:57,644:INFO:Initializing load_model()
2023-10-13 14:46:57,644:INFO:load_model(model_name=Data/ICU_prediction_finetune_naive_bayes23, platform=None, authentication=None, verbose=True)
2023-10-13 14:46:57,649:WARNING:C:\Users\abhis\anaconda3\envs\Streamlit_app\lib\site-packages\pycaret\internal\pipeline.py:139: UserWarning: Version mismatch:
current: {'deps_info': {'pip': '23.2.1', 'setuptools': '68.0.0', 'pycaret': '3.1.0', 'IPython': '8.16.1', 'ipywidgets': '8.1.1', 'tqdm': '4.66.1', 'numpy': '1.23.5', 'pandas': '1.5.3', 'jinja2': '3.1.2', 'scipy': '1.10.1', 'joblib': '1.3.2', 'sklearn': '1.2.2', 'pyod': '1.1.0', 'imblearn': '0.11.0', 'category_encoders': '2.6.2', 'lightgbm': '4.1.0', 'numba': '0.58.0', 'requests': '2.31.0', 'matplotlib': '3.8.0', 'scikitplot': '0.3.7', 'yellowbrick': '1.5', 'plotly': '5.17.0', 'plotly-resampler': 'Not installed', 'kaleido': '0.2.1', 'schemdraw': '0.15', 'statsmodels': '0.14.0', 'sktime': '0.21.1', 'tbats': '1.1.3', 'pmdarima': '2.0.3', 'psutil': '5.9.5', 'markupsafe': '2.1.3', 'pickle5': 'Not installed', 'cloudpickle': '2.2.1', 'deprecation': '2.1.0', 'xxhash': '3.4.1', 'wurlitzer': 'Not installed'}, 'python': {'version': '3.10.13', 'machine': 'AMD64'}}
pickle: {'deps_info': {'pip': '23.1.2', 'setuptools': '67.8.0', 'pycaret': '3.0.2', 'IPython': '8.12.2', 'ipywidgets': '8.0.6', 'tqdm': '4.65.0', 'numpy': '1.24.3', 'pandas': '1.5.3', 'jinja2': '3.1.2', 'scipy': '1.10.1', 'joblib': '1.2.0', 'sklearn': '1.2.2', 'pyod': '1.0.9', 'imblearn': '0.10.1', 'category_encoders': '2.6.1', 'lightgbm': '3.3.5', 'numba': '0.57.0', 'requests': '2.29.0', 'matplotlib': '3.7.1', 'scikitplot': '0.3.7', 'yellowbrick': '1.5', 'plotly': '5.15.0', 'kaleido': '0.2.1', 'statsmodels': '0.14.0', 'sktime': '0.17.0', 'tbats': '1.1.3', 'pmdarima': '2.0.3', 'psutil': '5.9.5'}, 'python': {'version': '3.8.16', 'machine': 'arm64'}}
  warnings.warn(

2023-10-13 14:47:03,464:INFO:Initializing load_model()
2023-10-13 14:47:03,464:INFO:load_model(model_name=Data/ICU_prediction_finetune_naive_bayes23, platform=None, authentication=None, verbose=True)
2023-10-13 14:47:03,468:WARNING:C:\Users\abhis\anaconda3\envs\Streamlit_app\lib\site-packages\pycaret\internal\pipeline.py:139: UserWarning: Version mismatch:
current: {'deps_info': {'pip': '23.2.1', 'setuptools': '68.0.0', 'pycaret': '3.1.0', 'IPython': '8.16.1', 'ipywidgets': '8.1.1', 'tqdm': '4.66.1', 'numpy': '1.23.5', 'pandas': '1.5.3', 'jinja2': '3.1.2', 'scipy': '1.10.1', 'joblib': '1.3.2', 'sklearn': '1.2.2', 'pyod': '1.1.0', 'imblearn': '0.11.0', 'category_encoders': '2.6.2', 'lightgbm': '4.1.0', 'numba': '0.58.0', 'requests': '2.31.0', 'matplotlib': '3.8.0', 'scikitplot': '0.3.7', 'yellowbrick': '1.5', 'plotly': '5.17.0', 'plotly-resampler': 'Not installed', 'kaleido': '0.2.1', 'schemdraw': '0.15', 'statsmodels': '0.14.0', 'sktime': '0.21.1', 'tbats': '1.1.3', 'pmdarima': '2.0.3', 'psutil': '5.9.5', 'markupsafe': '2.1.3', 'pickle5': 'Not installed', 'cloudpickle': '2.2.1', 'deprecation': '2.1.0', 'xxhash': '3.4.1', 'wurlitzer': 'Not installed'}, 'python': {'version': '3.10.13', 'machine': 'AMD64'}}
pickle: {'deps_info': {'pip': '23.1.2', 'setuptools': '67.8.0', 'pycaret': '3.0.2', 'IPython': '8.12.2', 'ipywidgets': '8.0.6', 'tqdm': '4.65.0', 'numpy': '1.24.3', 'pandas': '1.5.3', 'jinja2': '3.1.2', 'scipy': '1.10.1', 'joblib': '1.2.0', 'sklearn': '1.2.2', 'pyod': '1.0.9', 'imblearn': '0.10.1', 'category_encoders': '2.6.1', 'lightgbm': '3.3.5', 'numba': '0.57.0', 'requests': '2.29.0', 'matplotlib': '3.7.1', 'scikitplot': '0.3.7', 'yellowbrick': '1.5', 'plotly': '5.15.0', 'kaleido': '0.2.1', 'statsmodels': '0.14.0', 'sktime': '0.17.0', 'tbats': '1.1.3', 'pmdarima': '2.0.3', 'psutil': '5.9.5'}, 'python': {'version': '3.8.16', 'machine': 'arm64'}}
  warnings.warn(

2023-10-13 14:47:06,082:INFO:Initializing load_model()
2023-10-13 14:47:06,082:INFO:load_model(model_name=Data/ICU_prediction_finetune_naive_bayes23, platform=None, authentication=None, verbose=True)
2023-10-13 14:47:06,091:WARNING:C:\Users\abhis\anaconda3\envs\Streamlit_app\lib\site-packages\pycaret\internal\pipeline.py:139: UserWarning: Version mismatch:
current: {'deps_info': {'pip': '23.2.1', 'setuptools': '68.0.0', 'pycaret': '3.1.0', 'IPython': '8.16.1', 'ipywidgets': '8.1.1', 'tqdm': '4.66.1', 'numpy': '1.23.5', 'pandas': '1.5.3', 'jinja2': '3.1.2', 'scipy': '1.10.1', 'joblib': '1.3.2', 'sklearn': '1.2.2', 'pyod': '1.1.0', 'imblearn': '0.11.0', 'category_encoders': '2.6.2', 'lightgbm': '4.1.0', 'numba': '0.58.0', 'requests': '2.31.0', 'matplotlib': '3.8.0', 'scikitplot': '0.3.7', 'yellowbrick': '1.5', 'plotly': '5.17.0', 'plotly-resampler': 'Not installed', 'kaleido': '0.2.1', 'schemdraw': '0.15', 'statsmodels': '0.14.0', 'sktime': '0.21.1', 'tbats': '1.1.3', 'pmdarima': '2.0.3', 'psutil': '5.9.5', 'markupsafe': '2.1.3', 'pickle5': 'Not installed', 'cloudpickle': '2.2.1', 'deprecation': '2.1.0', 'xxhash': '3.4.1', 'wurlitzer': 'Not installed'}, 'python': {'version': '3.10.13', 'machine': 'AMD64'}}
pickle: {'deps_info': {'pip': '23.1.2', 'setuptools': '67.8.0', 'pycaret': '3.0.2', 'IPython': '8.12.2', 'ipywidgets': '8.0.6', 'tqdm': '4.65.0', 'numpy': '1.24.3', 'pandas': '1.5.3', 'jinja2': '3.1.2', 'scipy': '1.10.1', 'joblib': '1.2.0', 'sklearn': '1.2.2', 'pyod': '1.0.9', 'imblearn': '0.10.1', 'category_encoders': '2.6.1', 'lightgbm': '3.3.5', 'numba': '0.57.0', 'requests': '2.29.0', 'matplotlib': '3.7.1', 'scikitplot': '0.3.7', 'yellowbrick': '1.5', 'plotly': '5.15.0', 'kaleido': '0.2.1', 'statsmodels': '0.14.0', 'sktime': '0.17.0', 'tbats': '1.1.3', 'pmdarima': '2.0.3', 'psutil': '5.9.5'}, 'python': {'version': '3.8.16', 'machine': 'arm64'}}
  warnings.warn(

2023-10-13 14:47:06,742:INFO:Initializing predict_model()
2023-10-13 14:47:06,742:INFO:predict_model(self=<pycaret.classification.oop.ClassificationExperiment object at 0x00000184DF6B9F00>, estimator=Pipeline(memory=Memory(location=Data/joblib),
         steps=[('numerical_imputer',
                 TransformerWrapper(include=['Procalcitonin', 'CRP', 'Ferritin',
                                             'RR', 'LDH', 'SOB', 'SpO2',
                                             'Fever', 'hypertensionhx',
                                             'smoking_history', 'ALT',
                                             'Fatigue',
                                             'Chest.discomfort..chest.pain'],
                                    transformer=SimpleImputer())),
                ('categorical_imputer',
                 TransformerWrapper(include=[],
                                    transformer=SimpleImputer(strategy='most_frequent'))),
                ('balance',
                 TransformerWrapper(transformer=FixImbalancer(estimator=SMOTE()))),
                ('normalize', TransformerWrapper(transformer=StandardScaler())),
                ('clean_column_names',
                 TransformerWrapper(transformer=CleanColumnNames())),
                ('trained_model', GaussianNB())]), probability_threshold=None, encoded_labels=False, raw_score=False, round=4, verbose=True, ml_usecase=None, preprocess=True, encode_labels=<function _SupervisedExperiment.predict_model.<locals>.encode_labels at 0x00000184DF5EB910>)
2023-10-13 14:47:06,743:INFO:Checking exceptions
2023-10-13 14:47:06,743:INFO:Preloading libraries
2023-10-13 14:47:06,743:INFO:Set up data.
2023-10-13 14:47:06,749:INFO:Set up index.
2023-10-13 15:38:17,653:INFO:Initializing load_model()
2023-10-13 15:38:17,654:INFO:load_model(model_name=Data/ICU_prediction_finetune_naive_bayes23, platform=None, authentication=None, verbose=True)
2023-10-13 15:38:17,664:WARNING:C:\Users\abhis\anaconda3\envs\Streamlit_app\lib\site-packages\pycaret\internal\pipeline.py:139: UserWarning: Version mismatch:
current: {'deps_info': {'pip': '23.2.1', 'setuptools': '68.0.0', 'pycaret': '3.1.0', 'IPython': '8.16.1', 'ipywidgets': '8.1.1', 'tqdm': '4.66.1', 'numpy': '1.23.5', 'pandas': '1.5.3', 'jinja2': '3.1.2', 'scipy': '1.10.1', 'joblib': '1.3.2', 'sklearn': '1.2.2', 'pyod': '1.1.0', 'imblearn': '0.11.0', 'category_encoders': '2.6.2', 'lightgbm': '4.1.0', 'numba': '0.58.0', 'requests': '2.31.0', 'matplotlib': '3.8.0', 'scikitplot': '0.3.7', 'yellowbrick': '1.5', 'plotly': '5.17.0', 'plotly-resampler': 'Not installed', 'kaleido': '0.2.1', 'schemdraw': '0.15', 'statsmodels': '0.14.0', 'sktime': '0.21.1', 'tbats': '1.1.3', 'pmdarima': '2.0.3', 'psutil': '5.9.5', 'markupsafe': '2.1.3', 'pickle5': 'Not installed', 'cloudpickle': '2.2.1', 'deprecation': '2.1.0', 'xxhash': '3.4.1', 'wurlitzer': 'Not installed'}, 'python': {'version': '3.10.13', 'machine': 'AMD64'}}
pickle: {'deps_info': {'pip': '23.1.2', 'setuptools': '67.8.0', 'pycaret': '3.0.2', 'IPython': '8.12.2', 'ipywidgets': '8.0.6', 'tqdm': '4.65.0', 'numpy': '1.24.3', 'pandas': '1.5.3', 'jinja2': '3.1.2', 'scipy': '1.10.1', 'joblib': '1.2.0', 'sklearn': '1.2.2', 'pyod': '1.0.9', 'imblearn': '0.10.1', 'category_encoders': '2.6.1', 'lightgbm': '3.3.5', 'numba': '0.57.0', 'requests': '2.29.0', 'matplotlib': '3.7.1', 'scikitplot': '0.3.7', 'yellowbrick': '1.5', 'plotly': '5.15.0', 'kaleido': '0.2.1', 'statsmodels': '0.14.0', 'sktime': '0.17.0', 'tbats': '1.1.3', 'pmdarima': '2.0.3', 'psutil': '5.9.5'}, 'python': {'version': '3.8.16', 'machine': 'arm64'}}
  warnings.warn(

2023-10-13 15:40:05,171:INFO:Initializing load_model()
2023-10-13 15:40:05,171:INFO:load_model(model_name=Data/ICU_prediction_finetune_xgb, platform=None, authentication=None, verbose=True)
2023-10-13 15:40:06,669:INFO:Initializing load_model()
2023-10-13 15:40:06,669:INFO:load_model(model_name=Data/ICU_prediction_finetune_naive_bayes23, platform=None, authentication=None, verbose=True)
2023-10-13 15:40:06,675:WARNING:C:\Users\abhis\anaconda3\envs\Streamlit_app\lib\site-packages\pycaret\internal\pipeline.py:139: UserWarning: Version mismatch:
current: {'deps_info': {'pip': '23.2.1', 'setuptools': '68.0.0', 'pycaret': '3.1.0', 'IPython': '8.16.1', 'ipywidgets': '8.1.1', 'tqdm': '4.66.1', 'numpy': '1.23.5', 'pandas': '1.5.3', 'jinja2': '3.1.2', 'scipy': '1.10.1', 'joblib': '1.3.2', 'sklearn': '1.2.2', 'pyod': '1.1.0', 'imblearn': '0.11.0', 'category_encoders': '2.6.2', 'lightgbm': '4.1.0', 'numba': '0.58.0', 'requests': '2.31.0', 'matplotlib': '3.8.0', 'scikitplot': '0.3.7', 'yellowbrick': '1.5', 'plotly': '5.17.0', 'plotly-resampler': 'Not installed', 'kaleido': '0.2.1', 'schemdraw': '0.15', 'statsmodels': '0.14.0', 'sktime': '0.21.1', 'tbats': '1.1.3', 'pmdarima': '2.0.3', 'psutil': '5.9.5', 'markupsafe': '2.1.3', 'pickle5': 'Not installed', 'cloudpickle': '2.2.1', 'deprecation': '2.1.0', 'xxhash': '3.4.1', 'wurlitzer': 'Not installed'}, 'python': {'version': '3.10.13', 'machine': 'AMD64'}}
pickle: {'deps_info': {'pip': '23.1.2', 'setuptools': '67.8.0', 'pycaret': '3.0.2', 'IPython': '8.12.2', 'ipywidgets': '8.0.6', 'tqdm': '4.65.0', 'numpy': '1.24.3', 'pandas': '1.5.3', 'jinja2': '3.1.2', 'scipy': '1.10.1', 'joblib': '1.2.0', 'sklearn': '1.2.2', 'pyod': '1.0.9', 'imblearn': '0.10.1', 'category_encoders': '2.6.1', 'lightgbm': '3.3.5', 'numba': '0.57.0', 'requests': '2.29.0', 'matplotlib': '3.7.1', 'scikitplot': '0.3.7', 'yellowbrick': '1.5', 'plotly': '5.15.0', 'kaleido': '0.2.1', 'statsmodels': '0.14.0', 'sktime': '0.17.0', 'tbats': '1.1.3', 'pmdarima': '2.0.3', 'psutil': '5.9.5'}, 'python': {'version': '3.8.16', 'machine': 'arm64'}}
  warnings.warn(

2023-10-16 13:19:44,591:WARNING:
'cuml' is a soft dependency and not included in the pycaret installation. Please run: `pip install cuml` to install.
2023-10-16 13:19:44,592:WARNING:
'cuml' is a soft dependency and not included in the pycaret installation. Please run: `pip install cuml` to install.
2023-10-16 13:19:44,592:WARNING:
'cuml' is a soft dependency and not included in the pycaret installation. Please run: `pip install cuml` to install.
2023-10-16 13:19:44,592:WARNING:
'cuml' is a soft dependency and not included in the pycaret installation. Please run: `pip install cuml` to install.
2023-10-16 13:19:47,915:INFO:Initializing load_model()
2023-10-16 13:19:47,915:INFO:load_model(model_name=Data/ICU_prediction_finetune_naive_bayes23, platform=None, authentication=None, verbose=True)
2023-10-16 13:19:48,017:WARNING:C:\Users\abhis\anaconda3\envs\Streamlit_app\lib\site-packages\pycaret\internal\pipeline.py:139: UserWarning: Version mismatch:
current: {'deps_info': {'pip': '23.2.1', 'setuptools': '68.0.0', 'pycaret': '3.1.0', 'IPython': '8.16.1', 'ipywidgets': '8.1.1', 'tqdm': '4.66.1', 'numpy': '1.23.5', 'pandas': '1.5.3', 'jinja2': '3.1.2', 'scipy': '1.10.1', 'joblib': '1.3.2', 'sklearn': '1.2.2', 'pyod': '1.1.0', 'imblearn': '0.11.0', 'category_encoders': '2.6.2', 'lightgbm': '4.1.0', 'numba': '0.58.0', 'requests': '2.31.0', 'matplotlib': '3.8.0', 'scikitplot': '0.3.7', 'yellowbrick': '1.5', 'plotly': '5.17.0', 'plotly-resampler': 'Not installed', 'kaleido': '0.2.1', 'schemdraw': '0.15', 'statsmodels': '0.14.0', 'sktime': '0.21.1', 'tbats': '1.1.3', 'pmdarima': '2.0.3', 'psutil': '5.9.5', 'markupsafe': '2.1.3', 'pickle5': 'Not installed', 'cloudpickle': '2.2.1', 'deprecation': '2.1.0', 'xxhash': '3.4.1', 'wurlitzer': 'Not installed'}, 'python': {'version': '3.10.13', 'machine': 'AMD64'}}
pickle: {'deps_info': {'pip': '23.1.2', 'setuptools': '67.8.0', 'pycaret': '3.0.2', 'IPython': '8.12.2', 'ipywidgets': '8.0.6', 'tqdm': '4.65.0', 'numpy': '1.24.3', 'pandas': '1.5.3', 'jinja2': '3.1.2', 'scipy': '1.10.1', 'joblib': '1.2.0', 'sklearn': '1.2.2', 'pyod': '1.0.9', 'imblearn': '0.10.1', 'category_encoders': '2.6.1', 'lightgbm': '3.3.5', 'numba': '0.57.0', 'requests': '2.29.0', 'matplotlib': '3.7.1', 'scikitplot': '0.3.7', 'yellowbrick': '1.5', 'plotly': '5.15.0', 'kaleido': '0.2.1', 'statsmodels': '0.14.0', 'sktime': '0.17.0', 'tbats': '1.1.3', 'pmdarima': '2.0.3', 'psutil': '5.9.5'}, 'python': {'version': '3.8.16', 'machine': 'arm64'}}
  warnings.warn(

2023-10-16 13:20:11,828:INFO:Initializing load_model()
2023-10-16 13:20:11,828:INFO:load_model(model_name=Data/ICU_prediction_finetune_naive_bayes23, platform=None, authentication=None, verbose=True)
2023-10-16 13:20:11,835:WARNING:C:\Users\abhis\anaconda3\envs\Streamlit_app\lib\site-packages\pycaret\internal\pipeline.py:139: UserWarning: Version mismatch:
current: {'deps_info': {'pip': '23.2.1', 'setuptools': '68.0.0', 'pycaret': '3.1.0', 'IPython': '8.16.1', 'ipywidgets': '8.1.1', 'tqdm': '4.66.1', 'numpy': '1.23.5', 'pandas': '1.5.3', 'jinja2': '3.1.2', 'scipy': '1.10.1', 'joblib': '1.3.2', 'sklearn': '1.2.2', 'pyod': '1.1.0', 'imblearn': '0.11.0', 'category_encoders': '2.6.2', 'lightgbm': '4.1.0', 'numba': '0.58.0', 'requests': '2.31.0', 'matplotlib': '3.8.0', 'scikitplot': '0.3.7', 'yellowbrick': '1.5', 'plotly': '5.17.0', 'plotly-resampler': 'Not installed', 'kaleido': '0.2.1', 'schemdraw': '0.15', 'statsmodels': '0.14.0', 'sktime': '0.21.1', 'tbats': '1.1.3', 'pmdarima': '2.0.3', 'psutil': '5.9.5', 'markupsafe': '2.1.3', 'pickle5': 'Not installed', 'cloudpickle': '2.2.1', 'deprecation': '2.1.0', 'xxhash': '3.4.1', 'wurlitzer': 'Not installed'}, 'python': {'version': '3.10.13', 'machine': 'AMD64'}}
pickle: {'deps_info': {'pip': '23.1.2', 'setuptools': '67.8.0', 'pycaret': '3.0.2', 'IPython': '8.12.2', 'ipywidgets': '8.0.6', 'tqdm': '4.65.0', 'numpy': '1.24.3', 'pandas': '1.5.3', 'jinja2': '3.1.2', 'scipy': '1.10.1', 'joblib': '1.2.0', 'sklearn': '1.2.2', 'pyod': '1.0.9', 'imblearn': '0.10.1', 'category_encoders': '2.6.1', 'lightgbm': '3.3.5', 'numba': '0.57.0', 'requests': '2.29.0', 'matplotlib': '3.7.1', 'scikitplot': '0.3.7', 'yellowbrick': '1.5', 'plotly': '5.15.0', 'kaleido': '0.2.1', 'statsmodels': '0.14.0', 'sktime': '0.17.0', 'tbats': '1.1.3', 'pmdarima': '2.0.3', 'psutil': '5.9.5'}, 'python': {'version': '3.8.16', 'machine': 'arm64'}}
  warnings.warn(

2023-10-16 13:20:12,594:INFO:Initializing predict_model()
2023-10-16 13:20:12,594:INFO:predict_model(self=<pycaret.classification.oop.ClassificationExperiment object at 0x0000021E2CF80C70>, estimator=Pipeline(memory=Memory(location=Data/joblib),
         steps=[('numerical_imputer',
                 TransformerWrapper(include=['Procalcitonin', 'CRP', 'Ferritin',
                                             'RR', 'LDH', 'SOB', 'SpO2',
                                             'Fever', 'hypertensionhx',
                                             'smoking_history', 'ALT',
                                             'Fatigue',
                                             'Chest.discomfort..chest.pain'],
                                    transformer=SimpleImputer())),
                ('categorical_imputer',
                 TransformerWrapper(include=[],
                                    transformer=SimpleImputer(strategy='most_frequent'))),
                ('balance',
                 TransformerWrapper(transformer=FixImbalancer(estimator=SMOTE()))),
                ('normalize', TransformerWrapper(transformer=StandardScaler())),
                ('clean_column_names',
                 TransformerWrapper(transformer=CleanColumnNames())),
                ('trained_model', GaussianNB())]), probability_threshold=None, encoded_labels=False, raw_score=False, round=4, verbose=True, ml_usecase=None, preprocess=True, encode_labels=<function _SupervisedExperiment.predict_model.<locals>.encode_labels at 0x0000021E2CF8C1F0>)
2023-10-16 13:20:12,594:INFO:Checking exceptions
2023-10-16 13:20:12,594:INFO:Preloading libraries
2023-10-16 13:20:12,595:INFO:Set up data.
2023-10-16 13:20:12,606:INFO:Set up index.
2023-10-16 13:20:20,350:INFO:Initializing load_model()
2023-10-16 13:20:20,350:INFO:load_model(model_name=Data/ICU_prediction_finetune_naive_bayes23, platform=None, authentication=None, verbose=True)
2023-10-16 13:20:20,358:WARNING:C:\Users\abhis\anaconda3\envs\Streamlit_app\lib\site-packages\pycaret\internal\pipeline.py:139: UserWarning: Version mismatch:
current: {'deps_info': {'pip': '23.2.1', 'setuptools': '68.0.0', 'pycaret': '3.1.0', 'IPython': '8.16.1', 'ipywidgets': '8.1.1', 'tqdm': '4.66.1', 'numpy': '1.23.5', 'pandas': '1.5.3', 'jinja2': '3.1.2', 'scipy': '1.10.1', 'joblib': '1.3.2', 'sklearn': '1.2.2', 'pyod': '1.1.0', 'imblearn': '0.11.0', 'category_encoders': '2.6.2', 'lightgbm': '4.1.0', 'numba': '0.58.0', 'requests': '2.31.0', 'matplotlib': '3.8.0', 'scikitplot': '0.3.7', 'yellowbrick': '1.5', 'plotly': '5.17.0', 'plotly-resampler': 'Not installed', 'kaleido': '0.2.1', 'schemdraw': '0.15', 'statsmodels': '0.14.0', 'sktime': '0.21.1', 'tbats': '1.1.3', 'pmdarima': '2.0.3', 'psutil': '5.9.5', 'markupsafe': '2.1.3', 'pickle5': 'Not installed', 'cloudpickle': '2.2.1', 'deprecation': '2.1.0', 'xxhash': '3.4.1', 'wurlitzer': 'Not installed'}, 'python': {'version': '3.10.13', 'machine': 'AMD64'}}
pickle: {'deps_info': {'pip': '23.1.2', 'setuptools': '67.8.0', 'pycaret': '3.0.2', 'IPython': '8.12.2', 'ipywidgets': '8.0.6', 'tqdm': '4.65.0', 'numpy': '1.24.3', 'pandas': '1.5.3', 'jinja2': '3.1.2', 'scipy': '1.10.1', 'joblib': '1.2.0', 'sklearn': '1.2.2', 'pyod': '1.0.9', 'imblearn': '0.10.1', 'category_encoders': '2.6.1', 'lightgbm': '3.3.5', 'numba': '0.57.0', 'requests': '2.29.0', 'matplotlib': '3.7.1', 'scikitplot': '0.3.7', 'yellowbrick': '1.5', 'plotly': '5.15.0', 'kaleido': '0.2.1', 'statsmodels': '0.14.0', 'sktime': '0.17.0', 'tbats': '1.1.3', 'pmdarima': '2.0.3', 'psutil': '5.9.5'}, 'python': {'version': '3.8.16', 'machine': 'arm64'}}
  warnings.warn(

2023-10-16 13:20:25,860:INFO:Initializing load_model()
2023-10-16 13:20:25,860:INFO:load_model(model_name=Data/ICU_prediction_finetune_naive_bayes23, platform=None, authentication=None, verbose=True)
2023-10-16 13:20:25,865:WARNING:C:\Users\abhis\anaconda3\envs\Streamlit_app\lib\site-packages\pycaret\internal\pipeline.py:139: UserWarning: Version mismatch:
current: {'deps_info': {'pip': '23.2.1', 'setuptools': '68.0.0', 'pycaret': '3.1.0', 'IPython': '8.16.1', 'ipywidgets': '8.1.1', 'tqdm': '4.66.1', 'numpy': '1.23.5', 'pandas': '1.5.3', 'jinja2': '3.1.2', 'scipy': '1.10.1', 'joblib': '1.3.2', 'sklearn': '1.2.2', 'pyod': '1.1.0', 'imblearn': '0.11.0', 'category_encoders': '2.6.2', 'lightgbm': '4.1.0', 'numba': '0.58.0', 'requests': '2.31.0', 'matplotlib': '3.8.0', 'scikitplot': '0.3.7', 'yellowbrick': '1.5', 'plotly': '5.17.0', 'plotly-resampler': 'Not installed', 'kaleido': '0.2.1', 'schemdraw': '0.15', 'statsmodels': '0.14.0', 'sktime': '0.21.1', 'tbats': '1.1.3', 'pmdarima': '2.0.3', 'psutil': '5.9.5', 'markupsafe': '2.1.3', 'pickle5': 'Not installed', 'cloudpickle': '2.2.1', 'deprecation': '2.1.0', 'xxhash': '3.4.1', 'wurlitzer': 'Not installed'}, 'python': {'version': '3.10.13', 'machine': 'AMD64'}}
pickle: {'deps_info': {'pip': '23.1.2', 'setuptools': '67.8.0', 'pycaret': '3.0.2', 'IPython': '8.12.2', 'ipywidgets': '8.0.6', 'tqdm': '4.65.0', 'numpy': '1.24.3', 'pandas': '1.5.3', 'jinja2': '3.1.2', 'scipy': '1.10.1', 'joblib': '1.2.0', 'sklearn': '1.2.2', 'pyod': '1.0.9', 'imblearn': '0.10.1', 'category_encoders': '2.6.1', 'lightgbm': '3.3.5', 'numba': '0.57.0', 'requests': '2.29.0', 'matplotlib': '3.7.1', 'scikitplot': '0.3.7', 'yellowbrick': '1.5', 'plotly': '5.15.0', 'kaleido': '0.2.1', 'statsmodels': '0.14.0', 'sktime': '0.17.0', 'tbats': '1.1.3', 'pmdarima': '2.0.3', 'psutil': '5.9.5'}, 'python': {'version': '3.8.16', 'machine': 'arm64'}}
  warnings.warn(

2023-10-16 13:20:28,032:INFO:Initializing load_model()
2023-10-16 13:20:28,032:INFO:load_model(model_name=Data/ICU_prediction_finetune_naive_bayes23, platform=None, authentication=None, verbose=True)
2023-10-16 13:20:28,037:WARNING:C:\Users\abhis\anaconda3\envs\Streamlit_app\lib\site-packages\pycaret\internal\pipeline.py:139: UserWarning: Version mismatch:
current: {'deps_info': {'pip': '23.2.1', 'setuptools': '68.0.0', 'pycaret': '3.1.0', 'IPython': '8.16.1', 'ipywidgets': '8.1.1', 'tqdm': '4.66.1', 'numpy': '1.23.5', 'pandas': '1.5.3', 'jinja2': '3.1.2', 'scipy': '1.10.1', 'joblib': '1.3.2', 'sklearn': '1.2.2', 'pyod': '1.1.0', 'imblearn': '0.11.0', 'category_encoders': '2.6.2', 'lightgbm': '4.1.0', 'numba': '0.58.0', 'requests': '2.31.0', 'matplotlib': '3.8.0', 'scikitplot': '0.3.7', 'yellowbrick': '1.5', 'plotly': '5.17.0', 'plotly-resampler': 'Not installed', 'kaleido': '0.2.1', 'schemdraw': '0.15', 'statsmodels': '0.14.0', 'sktime': '0.21.1', 'tbats': '1.1.3', 'pmdarima': '2.0.3', 'psutil': '5.9.5', 'markupsafe': '2.1.3', 'pickle5': 'Not installed', 'cloudpickle': '2.2.1', 'deprecation': '2.1.0', 'xxhash': '3.4.1', 'wurlitzer': 'Not installed'}, 'python': {'version': '3.10.13', 'machine': 'AMD64'}}
pickle: {'deps_info': {'pip': '23.1.2', 'setuptools': '67.8.0', 'pycaret': '3.0.2', 'IPython': '8.12.2', 'ipywidgets': '8.0.6', 'tqdm': '4.65.0', 'numpy': '1.24.3', 'pandas': '1.5.3', 'jinja2': '3.1.2', 'scipy': '1.10.1', 'joblib': '1.2.0', 'sklearn': '1.2.2', 'pyod': '1.0.9', 'imblearn': '0.10.1', 'category_encoders': '2.6.1', 'lightgbm': '3.3.5', 'numba': '0.57.0', 'requests': '2.29.0', 'matplotlib': '3.7.1', 'scikitplot': '0.3.7', 'yellowbrick': '1.5', 'plotly': '5.15.0', 'kaleido': '0.2.1', 'statsmodels': '0.14.0', 'sktime': '0.17.0', 'tbats': '1.1.3', 'pmdarima': '2.0.3', 'psutil': '5.9.5'}, 'python': {'version': '3.8.16', 'machine': 'arm64'}}
  warnings.warn(

2023-10-17 13:08:38,770:WARNING:
'cuml' is a soft dependency and not included in the pycaret installation. Please run: `pip install cuml` to install.
2023-10-17 13:08:38,771:WARNING:
'cuml' is a soft dependency and not included in the pycaret installation. Please run: `pip install cuml` to install.
2023-10-17 13:08:38,771:WARNING:
'cuml' is a soft dependency and not included in the pycaret installation. Please run: `pip install cuml` to install.
2023-10-17 13:08:38,771:WARNING:
'cuml' is a soft dependency and not included in the pycaret installation. Please run: `pip install cuml` to install.
2023-10-17 13:08:43,665:INFO:Initializing load_model()
2023-10-17 13:08:43,665:INFO:load_model(model_name=Data/ICU_prediction_finetune_naive_bayes23, platform=None, authentication=None, verbose=True)
2023-10-17 13:08:43,770:WARNING:C:\Users\abhis\anaconda3\envs\Streamlit_app\lib\site-packages\pycaret\internal\pipeline.py:139: UserWarning: Version mismatch:
current: {'deps_info': {'pip': '23.2.1', 'setuptools': '68.0.0', 'pycaret': '3.1.0', 'IPython': '8.16.1', 'ipywidgets': '8.1.1', 'tqdm': '4.66.1', 'numpy': '1.23.5', 'pandas': '1.5.3', 'jinja2': '3.1.2', 'scipy': '1.10.1', 'joblib': '1.3.2', 'sklearn': '1.2.2', 'pyod': '1.1.0', 'imblearn': '0.11.0', 'category_encoders': '2.6.2', 'lightgbm': '4.1.0', 'numba': '0.58.0', 'requests': '2.31.0', 'matplotlib': '3.8.0', 'scikitplot': '0.3.7', 'yellowbrick': '1.5', 'plotly': '5.17.0', 'plotly-resampler': 'Not installed', 'kaleido': '0.2.1', 'schemdraw': '0.15', 'statsmodels': '0.14.0', 'sktime': '0.21.1', 'tbats': '1.1.3', 'pmdarima': '2.0.3', 'psutil': '5.9.5', 'markupsafe': '2.1.3', 'pickle5': 'Not installed', 'cloudpickle': '2.2.1', 'deprecation': '2.1.0', 'xxhash': '3.4.1', 'wurlitzer': 'Not installed'}, 'python': {'version': '3.10.13', 'machine': 'AMD64'}}
pickle: {'deps_info': {'pip': '23.1.2', 'setuptools': '67.8.0', 'pycaret': '3.0.2', 'IPython': '8.12.2', 'ipywidgets': '8.0.6', 'tqdm': '4.65.0', 'numpy': '1.24.3', 'pandas': '1.5.3', 'jinja2': '3.1.2', 'scipy': '1.10.1', 'joblib': '1.2.0', 'sklearn': '1.2.2', 'pyod': '1.0.9', 'imblearn': '0.10.1', 'category_encoders': '2.6.1', 'lightgbm': '3.3.5', 'numba': '0.57.0', 'requests': '2.29.0', 'matplotlib': '3.7.1', 'scikitplot': '0.3.7', 'yellowbrick': '1.5', 'plotly': '5.15.0', 'kaleido': '0.2.1', 'statsmodels': '0.14.0', 'sktime': '0.17.0', 'tbats': '1.1.3', 'pmdarima': '2.0.3', 'psutil': '5.9.5'}, 'python': {'version': '3.8.16', 'machine': 'arm64'}}
  warnings.warn(

2023-10-17 13:08:50,819:INFO:Initializing load_model()
2023-10-17 13:08:50,819:INFO:load_model(model_name=D:/Python_Project/ICU/Abhishek_Yadav_ICU/ICUPredictionDeepAarogya/Data/ICU_prediction_finetune_xgb, platform=None, authentication=None, verbose=True)
2023-10-17 13:08:51,023:WARNING:C:\Users\abhis\anaconda3\envs\Streamlit_app\lib\site-packages\pycaret\internal\pipeline.py:139: UserWarning: Version mismatch:
current: {'deps_info': {'pip': '23.2.1', 'setuptools': '68.0.0', 'pycaret': '3.1.0', 'IPython': '8.16.1', 'ipywidgets': '8.1.1', 'tqdm': '4.66.1', 'numpy': '1.23.5', 'pandas': '1.5.3', 'jinja2': '3.1.2', 'scipy': '1.10.1', 'joblib': '1.3.2', 'sklearn': '1.2.2', 'pyod': '1.1.0', 'imblearn': '0.11.0', 'category_encoders': '2.6.2', 'lightgbm': '4.1.0', 'numba': '0.58.0', 'requests': '2.31.0', 'matplotlib': '3.8.0', 'scikitplot': '0.3.7', 'yellowbrick': '1.5', 'plotly': '5.17.0', 'plotly-resampler': 'Not installed', 'kaleido': '0.2.1', 'schemdraw': '0.15', 'statsmodels': '0.14.0', 'sktime': '0.21.1', 'tbats': '1.1.3', 'pmdarima': '2.0.3', 'psutil': '5.9.5', 'markupsafe': '2.1.3', 'pickle5': 'Not installed', 'cloudpickle': '2.2.1', 'deprecation': '2.1.0', 'xxhash': '3.4.1', 'wurlitzer': 'Not installed'}, 'python': {'version': '3.10.13', 'machine': 'AMD64'}}
pickle: {'deps_info': {'pip': '23.1.2', 'setuptools': '67.8.0', 'pycaret': '3.0.2', 'IPython': '8.12.2', 'ipywidgets': '8.0.6', 'tqdm': '4.65.0', 'numpy': '1.24.3', 'pandas': '1.5.3', 'jinja2': '3.1.2', 'scipy': '1.10.1', 'joblib': '1.2.0', 'sklearn': '1.2.2', 'pyod': '1.0.9', 'imblearn': '0.10.1', 'category_encoders': '2.6.1', 'lightgbm': '3.3.5', 'numba': '0.57.0', 'requests': '2.29.0', 'matplotlib': '3.7.1', 'scikitplot': '0.3.7', 'yellowbrick': '1.5', 'plotly': '5.15.0', 'kaleido': '0.2.1', 'statsmodels': '0.14.0', 'sktime': '0.17.0', 'tbats': '1.1.3', 'pmdarima': '2.0.3', 'psutil': '5.9.5'}, 'python': {'version': '3.8.16', 'machine': 'arm64'}}
  warnings.warn(

2023-10-17 13:09:01,927:INFO:Initializing load_model()
2023-10-17 13:09:01,927:INFO:load_model(model_name=Data/ICU_prediction_finetune_naive_bayes23, platform=None, authentication=None, verbose=True)
2023-10-17 13:09:01,944:WARNING:C:\Users\abhis\anaconda3\envs\Streamlit_app\lib\site-packages\pycaret\internal\pipeline.py:139: UserWarning: Version mismatch:
current: {'deps_info': {'pip': '23.2.1', 'setuptools': '68.0.0', 'pycaret': '3.1.0', 'IPython': '8.16.1', 'ipywidgets': '8.1.1', 'tqdm': '4.66.1', 'numpy': '1.23.5', 'pandas': '1.5.3', 'jinja2': '3.1.2', 'scipy': '1.10.1', 'joblib': '1.3.2', 'sklearn': '1.2.2', 'pyod': '1.1.0', 'imblearn': '0.11.0', 'category_encoders': '2.6.2', 'lightgbm': '4.1.0', 'numba': '0.58.0', 'requests': '2.31.0', 'matplotlib': '3.8.0', 'scikitplot': '0.3.7', 'yellowbrick': '1.5', 'plotly': '5.17.0', 'plotly-resampler': 'Not installed', 'kaleido': '0.2.1', 'schemdraw': '0.15', 'statsmodels': '0.14.0', 'sktime': '0.21.1', 'tbats': '1.1.3', 'pmdarima': '2.0.3', 'psutil': '5.9.5', 'markupsafe': '2.1.3', 'pickle5': 'Not installed', 'cloudpickle': '2.2.1', 'deprecation': '2.1.0', 'xxhash': '3.4.1', 'wurlitzer': 'Not installed'}, 'python': {'version': '3.10.13', 'machine': 'AMD64'}}
pickle: {'deps_info': {'pip': '23.1.2', 'setuptools': '67.8.0', 'pycaret': '3.0.2', 'IPython': '8.12.2', 'ipywidgets': '8.0.6', 'tqdm': '4.65.0', 'numpy': '1.24.3', 'pandas': '1.5.3', 'jinja2': '3.1.2', 'scipy': '1.10.1', 'joblib': '1.2.0', 'sklearn': '1.2.2', 'pyod': '1.0.9', 'imblearn': '0.10.1', 'category_encoders': '2.6.1', 'lightgbm': '3.3.5', 'numba': '0.57.0', 'requests': '2.29.0', 'matplotlib': '3.7.1', 'scikitplot': '0.3.7', 'yellowbrick': '1.5', 'plotly': '5.15.0', 'kaleido': '0.2.1', 'statsmodels': '0.14.0', 'sktime': '0.17.0', 'tbats': '1.1.3', 'pmdarima': '2.0.3', 'psutil': '5.9.5'}, 'python': {'version': '3.8.16', 'machine': 'arm64'}}
  warnings.warn(

2023-10-17 13:09:09,694:INFO:Initializing load_model()
2023-10-17 13:09:09,694:INFO:load_model(model_name=D:/Python_Project/ICU/Abhishek_Yadav_ICU/ICUPredictionDeepAarogya/Data/ICU_prediction_finetune_xgb, platform=None, authentication=None, verbose=True)
2023-10-17 13:09:09,721:WARNING:C:\Users\abhis\anaconda3\envs\Streamlit_app\lib\site-packages\pycaret\internal\pipeline.py:139: UserWarning: Version mismatch:
current: {'deps_info': {'pip': '23.2.1', 'setuptools': '68.0.0', 'pycaret': '3.1.0', 'IPython': '8.16.1', 'ipywidgets': '8.1.1', 'tqdm': '4.66.1', 'numpy': '1.23.5', 'pandas': '1.5.3', 'jinja2': '3.1.2', 'scipy': '1.10.1', 'joblib': '1.3.2', 'sklearn': '1.2.2', 'pyod': '1.1.0', 'imblearn': '0.11.0', 'category_encoders': '2.6.2', 'lightgbm': '4.1.0', 'numba': '0.58.0', 'requests': '2.31.0', 'matplotlib': '3.8.0', 'scikitplot': '0.3.7', 'yellowbrick': '1.5', 'plotly': '5.17.0', 'plotly-resampler': 'Not installed', 'kaleido': '0.2.1', 'schemdraw': '0.15', 'statsmodels': '0.14.0', 'sktime': '0.21.1', 'tbats': '1.1.3', 'pmdarima': '2.0.3', 'psutil': '5.9.5', 'markupsafe': '2.1.3', 'pickle5': 'Not installed', 'cloudpickle': '2.2.1', 'deprecation': '2.1.0', 'xxhash': '3.4.1', 'wurlitzer': 'Not installed'}, 'python': {'version': '3.10.13', 'machine': 'AMD64'}}
pickle: {'deps_info': {'pip': '23.1.2', 'setuptools': '67.8.0', 'pycaret': '3.0.2', 'IPython': '8.12.2', 'ipywidgets': '8.0.6', 'tqdm': '4.65.0', 'numpy': '1.24.3', 'pandas': '1.5.3', 'jinja2': '3.1.2', 'scipy': '1.10.1', 'joblib': '1.2.0', 'sklearn': '1.2.2', 'pyod': '1.0.9', 'imblearn': '0.10.1', 'category_encoders': '2.6.1', 'lightgbm': '3.3.5', 'numba': '0.57.0', 'requests': '2.29.0', 'matplotlib': '3.7.1', 'scikitplot': '0.3.7', 'yellowbrick': '1.5', 'plotly': '5.15.0', 'kaleido': '0.2.1', 'statsmodels': '0.14.0', 'sktime': '0.17.0', 'tbats': '1.1.3', 'pmdarima': '2.0.3', 'psutil': '5.9.5'}, 'python': {'version': '3.8.16', 'machine': 'arm64'}}
  warnings.warn(

2023-10-17 13:09:14,151:INFO:Initializing load_model()
2023-10-17 13:09:14,151:INFO:load_model(model_name=D:/Python_Project/ICU/Abhishek_Yadav_ICU/ICUPredictionDeepAarogya/Data/ICU_prediction_finetune_xgb, platform=None, authentication=None, verbose=True)
2023-10-17 13:09:14,169:WARNING:C:\Users\abhis\anaconda3\envs\Streamlit_app\lib\site-packages\pycaret\internal\pipeline.py:139: UserWarning: Version mismatch:
current: {'deps_info': {'pip': '23.2.1', 'setuptools': '68.0.0', 'pycaret': '3.1.0', 'IPython': '8.16.1', 'ipywidgets': '8.1.1', 'tqdm': '4.66.1', 'numpy': '1.23.5', 'pandas': '1.5.3', 'jinja2': '3.1.2', 'scipy': '1.10.1', 'joblib': '1.3.2', 'sklearn': '1.2.2', 'pyod': '1.1.0', 'imblearn': '0.11.0', 'category_encoders': '2.6.2', 'lightgbm': '4.1.0', 'numba': '0.58.0', 'requests': '2.31.0', 'matplotlib': '3.8.0', 'scikitplot': '0.3.7', 'yellowbrick': '1.5', 'plotly': '5.17.0', 'plotly-resampler': 'Not installed', 'kaleido': '0.2.1', 'schemdraw': '0.15', 'statsmodels': '0.14.0', 'sktime': '0.21.1', 'tbats': '1.1.3', 'pmdarima': '2.0.3', 'psutil': '5.9.5', 'markupsafe': '2.1.3', 'pickle5': 'Not installed', 'cloudpickle': '2.2.1', 'deprecation': '2.1.0', 'xxhash': '3.4.1', 'wurlitzer': 'Not installed'}, 'python': {'version': '3.10.13', 'machine': 'AMD64'}}
pickle: {'deps_info': {'pip': '23.1.2', 'setuptools': '67.8.0', 'pycaret': '3.0.2', 'IPython': '8.12.2', 'ipywidgets': '8.0.6', 'tqdm': '4.65.0', 'numpy': '1.24.3', 'pandas': '1.5.3', 'jinja2': '3.1.2', 'scipy': '1.10.1', 'joblib': '1.2.0', 'sklearn': '1.2.2', 'pyod': '1.0.9', 'imblearn': '0.10.1', 'category_encoders': '2.6.1', 'lightgbm': '3.3.5', 'numba': '0.57.0', 'requests': '2.29.0', 'matplotlib': '3.7.1', 'scikitplot': '0.3.7', 'yellowbrick': '1.5', 'plotly': '5.15.0', 'kaleido': '0.2.1', 'statsmodels': '0.14.0', 'sktime': '0.17.0', 'tbats': '1.1.3', 'pmdarima': '2.0.3', 'psutil': '5.9.5'}, 'python': {'version': '3.8.16', 'machine': 'arm64'}}
  warnings.warn(

2023-10-17 15:30:31,970:INFO:Initializing load_model()
2023-10-17 15:30:31,972:INFO:load_model(model_name=D:/Python_Project/ICU/Abhishek_Yadav_ICU/ICUPredictionDeepAarogya/Data/ICU_prediction_finetune_xgb, platform=None, authentication=None, verbose=True)
2023-10-17 15:30:32,030:WARNING:C:\Users\abhis\anaconda3\envs\Streamlit_app\lib\site-packages\pycaret\internal\pipeline.py:139: UserWarning: Version mismatch:
current: {'deps_info': {'pip': '23.2.1', 'setuptools': '68.0.0', 'pycaret': '3.1.0', 'IPython': '8.16.1', 'ipywidgets': '8.1.1', 'tqdm': '4.66.1', 'numpy': '1.23.5', 'pandas': '1.5.3', 'jinja2': '3.1.2', 'scipy': '1.10.1', 'joblib': '1.3.2', 'sklearn': '1.2.2', 'pyod': '1.1.0', 'imblearn': '0.11.0', 'category_encoders': '2.6.2', 'lightgbm': '4.1.0', 'numba': '0.58.0', 'requests': '2.31.0', 'matplotlib': '3.8.0', 'scikitplot': '0.3.7', 'yellowbrick': '1.5', 'plotly': '5.17.0', 'plotly-resampler': 'Not installed', 'kaleido': '0.2.1', 'schemdraw': '0.15', 'statsmodels': '0.14.0', 'sktime': '0.21.1', 'tbats': '1.1.3', 'pmdarima': '2.0.3', 'psutil': '5.9.5', 'markupsafe': '2.1.3', 'pickle5': 'Not installed', 'cloudpickle': '2.2.1', 'deprecation': '2.1.0', 'xxhash': '3.4.1', 'wurlitzer': 'Not installed'}, 'python': {'version': '3.10.13', 'machine': 'AMD64'}}
pickle: {'deps_info': {'pip': '23.1.2', 'setuptools': '67.8.0', 'pycaret': '3.0.2', 'IPython': '8.12.2', 'ipywidgets': '8.0.6', 'tqdm': '4.65.0', 'numpy': '1.24.3', 'pandas': '1.5.3', 'jinja2': '3.1.2', 'scipy': '1.10.1', 'joblib': '1.2.0', 'sklearn': '1.2.2', 'pyod': '1.0.9', 'imblearn': '0.10.1', 'category_encoders': '2.6.1', 'lightgbm': '3.3.5', 'numba': '0.57.0', 'requests': '2.29.0', 'matplotlib': '3.7.1', 'scikitplot': '0.3.7', 'yellowbrick': '1.5', 'plotly': '5.15.0', 'kaleido': '0.2.1', 'statsmodels': '0.14.0', 'sktime': '0.17.0', 'tbats': '1.1.3', 'pmdarima': '2.0.3', 'psutil': '5.9.5'}, 'python': {'version': '3.8.16', 'machine': 'arm64'}}
  warnings.warn(

2023-10-18 12:07:00,154:WARNING:
'cuml' is a soft dependency and not included in the pycaret installation. Please run: `pip install cuml` to install.
2023-10-18 12:07:00,154:WARNING:
'cuml' is a soft dependency and not included in the pycaret installation. Please run: `pip install cuml` to install.
2023-10-18 12:07:00,155:WARNING:
'cuml' is a soft dependency and not included in the pycaret installation. Please run: `pip install cuml` to install.
2023-10-18 12:07:00,155:WARNING:
'cuml' is a soft dependency and not included in the pycaret installation. Please run: `pip install cuml` to install.
2023-10-18 12:07:05,222:INFO:Initializing load_model()
2023-10-18 12:07:05,222:INFO:load_model(model_name=Data/ICU_prediction_finetune_naive_bayes23, platform=None, authentication=None, verbose=True)
2023-10-18 12:07:05,336:WARNING:C:\Users\abhis\anaconda3\envs\Streamlit_app\lib\site-packages\pycaret\internal\pipeline.py:139: UserWarning: Version mismatch:
current: {'deps_info': {'pip': '23.2.1', 'setuptools': '68.0.0', 'pycaret': '3.1.0', 'IPython': '8.16.1', 'ipywidgets': '8.1.1', 'tqdm': '4.66.1', 'numpy': '1.23.5', 'pandas': '1.5.3', 'jinja2': '3.1.2', 'scipy': '1.10.1', 'joblib': '1.3.2', 'sklearn': '1.2.2', 'pyod': '1.1.0', 'imblearn': '0.11.0', 'category_encoders': '2.6.2', 'lightgbm': '4.1.0', 'numba': '0.58.0', 'requests': '2.31.0', 'matplotlib': '3.8.0', 'scikitplot': '0.3.7', 'yellowbrick': '1.5', 'plotly': '5.17.0', 'plotly-resampler': 'Not installed', 'kaleido': '0.2.1', 'schemdraw': '0.15', 'statsmodels': '0.14.0', 'sktime': '0.21.1', 'tbats': '1.1.3', 'pmdarima': '2.0.3', 'psutil': '5.9.5', 'markupsafe': '2.1.3', 'pickle5': 'Not installed', 'cloudpickle': '2.2.1', 'deprecation': '2.1.0', 'xxhash': '3.4.1', 'wurlitzer': 'Not installed'}, 'python': {'version': '3.10.13', 'machine': 'AMD64'}}
pickle: {'deps_info': {'pip': '23.1.2', 'setuptools': '67.8.0', 'pycaret': '3.0.2', 'IPython': '8.12.2', 'ipywidgets': '8.0.6', 'tqdm': '4.65.0', 'numpy': '1.24.3', 'pandas': '1.5.3', 'jinja2': '3.1.2', 'scipy': '1.10.1', 'joblib': '1.2.0', 'sklearn': '1.2.2', 'pyod': '1.0.9', 'imblearn': '0.10.1', 'category_encoders': '2.6.1', 'lightgbm': '3.3.5', 'numba': '0.57.0', 'requests': '2.29.0', 'matplotlib': '3.7.1', 'scikitplot': '0.3.7', 'yellowbrick': '1.5', 'plotly': '5.15.0', 'kaleido': '0.2.1', 'statsmodels': '0.14.0', 'sktime': '0.17.0', 'tbats': '1.1.3', 'pmdarima': '2.0.3', 'psutil': '5.9.5'}, 'python': {'version': '3.8.16', 'machine': 'arm64'}}
  warnings.warn(

2023-10-18 12:07:09,140:INFO:Initializing load_model()
2023-10-18 12:07:09,140:INFO:load_model(model_name=D:/Python_Project/ICU/Abhishek_Yadav_ICU/ICUPredictionDeepAarogya/Data/ICU_prediction_finetune_xgb, platform=None, authentication=None, verbose=True)
2023-10-18 12:07:09,381:WARNING:C:\Users\abhis\anaconda3\envs\Streamlit_app\lib\site-packages\pycaret\internal\pipeline.py:139: UserWarning: Version mismatch:
current: {'deps_info': {'pip': '23.2.1', 'setuptools': '68.0.0', 'pycaret': '3.1.0', 'IPython': '8.16.1', 'ipywidgets': '8.1.1', 'tqdm': '4.66.1', 'numpy': '1.23.5', 'pandas': '1.5.3', 'jinja2': '3.1.2', 'scipy': '1.10.1', 'joblib': '1.3.2', 'sklearn': '1.2.2', 'pyod': '1.1.0', 'imblearn': '0.11.0', 'category_encoders': '2.6.2', 'lightgbm': '4.1.0', 'numba': '0.58.0', 'requests': '2.31.0', 'matplotlib': '3.8.0', 'scikitplot': '0.3.7', 'yellowbrick': '1.5', 'plotly': '5.17.0', 'plotly-resampler': 'Not installed', 'kaleido': '0.2.1', 'schemdraw': '0.15', 'statsmodels': '0.14.0', 'sktime': '0.21.1', 'tbats': '1.1.3', 'pmdarima': '2.0.3', 'psutil': '5.9.5', 'markupsafe': '2.1.3', 'pickle5': 'Not installed', 'cloudpickle': '2.2.1', 'deprecation': '2.1.0', 'xxhash': '3.4.1', 'wurlitzer': 'Not installed'}, 'python': {'version': '3.10.13', 'machine': 'AMD64'}}
pickle: {'deps_info': {'pip': '23.1.2', 'setuptools': '67.8.0', 'pycaret': '3.0.2', 'IPython': '8.12.2', 'ipywidgets': '8.0.6', 'tqdm': '4.65.0', 'numpy': '1.24.3', 'pandas': '1.5.3', 'jinja2': '3.1.2', 'scipy': '1.10.1', 'joblib': '1.2.0', 'sklearn': '1.2.2', 'pyod': '1.0.9', 'imblearn': '0.10.1', 'category_encoders': '2.6.1', 'lightgbm': '3.3.5', 'numba': '0.57.0', 'requests': '2.29.0', 'matplotlib': '3.7.1', 'scikitplot': '0.3.7', 'yellowbrick': '1.5', 'plotly': '5.15.0', 'kaleido': '0.2.1', 'statsmodels': '0.14.0', 'sktime': '0.17.0', 'tbats': '1.1.3', 'pmdarima': '2.0.3', 'psutil': '5.9.5'}, 'python': {'version': '3.8.16', 'machine': 'arm64'}}
  warnings.warn(

2023-10-18 12:07:38,221:INFO:Initializing load_model()
2023-10-18 12:07:38,221:INFO:load_model(model_name=Data/ICU_prediction_finetune_naive_bayes23, platform=None, authentication=None, verbose=True)
2023-10-18 12:07:38,257:WARNING:C:\Users\abhis\anaconda3\envs\Streamlit_app\lib\site-packages\pycaret\internal\pipeline.py:139: UserWarning: Version mismatch:
current: {'deps_info': {'pip': '23.2.1', 'setuptools': '68.0.0', 'pycaret': '3.1.0', 'IPython': '8.16.1', 'ipywidgets': '8.1.1', 'tqdm': '4.66.1', 'numpy': '1.23.5', 'pandas': '1.5.3', 'jinja2': '3.1.2', 'scipy': '1.10.1', 'joblib': '1.3.2', 'sklearn': '1.2.2', 'pyod': '1.1.0', 'imblearn': '0.11.0', 'category_encoders': '2.6.2', 'lightgbm': '4.1.0', 'numba': '0.58.0', 'requests': '2.31.0', 'matplotlib': '3.8.0', 'scikitplot': '0.3.7', 'yellowbrick': '1.5', 'plotly': '5.17.0', 'plotly-resampler': 'Not installed', 'kaleido': '0.2.1', 'schemdraw': '0.15', 'statsmodels': '0.14.0', 'sktime': '0.21.1', 'tbats': '1.1.3', 'pmdarima': '2.0.3', 'psutil': '5.9.5', 'markupsafe': '2.1.3', 'pickle5': 'Not installed', 'cloudpickle': '2.2.1', 'deprecation': '2.1.0', 'xxhash': '3.4.1', 'wurlitzer': 'Not installed'}, 'python': {'version': '3.10.13', 'machine': 'AMD64'}}
pickle: {'deps_info': {'pip': '23.1.2', 'setuptools': '67.8.0', 'pycaret': '3.0.2', 'IPython': '8.12.2', 'ipywidgets': '8.0.6', 'tqdm': '4.65.0', 'numpy': '1.24.3', 'pandas': '1.5.3', 'jinja2': '3.1.2', 'scipy': '1.10.1', 'joblib': '1.2.0', 'sklearn': '1.2.2', 'pyod': '1.0.9', 'imblearn': '0.10.1', 'category_encoders': '2.6.1', 'lightgbm': '3.3.5', 'numba': '0.57.0', 'requests': '2.29.0', 'matplotlib': '3.7.1', 'scikitplot': '0.3.7', 'yellowbrick': '1.5', 'plotly': '5.15.0', 'kaleido': '0.2.1', 'statsmodels': '0.14.0', 'sktime': '0.17.0', 'tbats': '1.1.3', 'pmdarima': '2.0.3', 'psutil': '5.9.5'}, 'python': {'version': '3.8.16', 'machine': 'arm64'}}
  warnings.warn(

2023-10-18 12:07:44,405:INFO:Initializing load_model()
2023-10-18 12:07:44,405:INFO:load_model(model_name=D:/Python_Project/ICU/Abhishek_Yadav_ICU/ICUPredictionDeepAarogya/Data/ICU_prediction_finetune_xgb, platform=None, authentication=None, verbose=True)
2023-10-18 12:07:44,450:WARNING:C:\Users\abhis\anaconda3\envs\Streamlit_app\lib\site-packages\pycaret\internal\pipeline.py:139: UserWarning: Version mismatch:
current: {'deps_info': {'pip': '23.2.1', 'setuptools': '68.0.0', 'pycaret': '3.1.0', 'IPython': '8.16.1', 'ipywidgets': '8.1.1', 'tqdm': '4.66.1', 'numpy': '1.23.5', 'pandas': '1.5.3', 'jinja2': '3.1.2', 'scipy': '1.10.1', 'joblib': '1.3.2', 'sklearn': '1.2.2', 'pyod': '1.1.0', 'imblearn': '0.11.0', 'category_encoders': '2.6.2', 'lightgbm': '4.1.0', 'numba': '0.58.0', 'requests': '2.31.0', 'matplotlib': '3.8.0', 'scikitplot': '0.3.7', 'yellowbrick': '1.5', 'plotly': '5.17.0', 'plotly-resampler': 'Not installed', 'kaleido': '0.2.1', 'schemdraw': '0.15', 'statsmodels': '0.14.0', 'sktime': '0.21.1', 'tbats': '1.1.3', 'pmdarima': '2.0.3', 'psutil': '5.9.5', 'markupsafe': '2.1.3', 'pickle5': 'Not installed', 'cloudpickle': '2.2.1', 'deprecation': '2.1.0', 'xxhash': '3.4.1', 'wurlitzer': 'Not installed'}, 'python': {'version': '3.10.13', 'machine': 'AMD64'}}
pickle: {'deps_info': {'pip': '23.1.2', 'setuptools': '67.8.0', 'pycaret': '3.0.2', 'IPython': '8.12.2', 'ipywidgets': '8.0.6', 'tqdm': '4.65.0', 'numpy': '1.24.3', 'pandas': '1.5.3', 'jinja2': '3.1.2', 'scipy': '1.10.1', 'joblib': '1.2.0', 'sklearn': '1.2.2', 'pyod': '1.0.9', 'imblearn': '0.10.1', 'category_encoders': '2.6.1', 'lightgbm': '3.3.5', 'numba': '0.57.0', 'requests': '2.29.0', 'matplotlib': '3.7.1', 'scikitplot': '0.3.7', 'yellowbrick': '1.5', 'plotly': '5.15.0', 'kaleido': '0.2.1', 'statsmodels': '0.14.0', 'sktime': '0.17.0', 'tbats': '1.1.3', 'pmdarima': '2.0.3', 'psutil': '5.9.5'}, 'python': {'version': '3.8.16', 'machine': 'arm64'}}
  warnings.warn(

2023-10-18 12:08:41,197:INFO:Initializing load_model()
2023-10-18 12:08:41,197:INFO:load_model(model_name=D:/Python_Project/ICU/Abhishek_Yadav_ICU/ICUPredictionDeepAarogya/Data/ICU_prediction_finetune_xgb, platform=None, authentication=None, verbose=True)
2023-10-18 12:08:41,217:WARNING:C:\Users\abhis\anaconda3\envs\Streamlit_app\lib\site-packages\pycaret\internal\pipeline.py:139: UserWarning: Version mismatch:
current: {'deps_info': {'pip': '23.2.1', 'setuptools': '68.0.0', 'pycaret': '3.1.0', 'IPython': '8.16.1', 'ipywidgets': '8.1.1', 'tqdm': '4.66.1', 'numpy': '1.23.5', 'pandas': '1.5.3', 'jinja2': '3.1.2', 'scipy': '1.10.1', 'joblib': '1.3.2', 'sklearn': '1.2.2', 'pyod': '1.1.0', 'imblearn': '0.11.0', 'category_encoders': '2.6.2', 'lightgbm': '4.1.0', 'numba': '0.58.0', 'requests': '2.31.0', 'matplotlib': '3.8.0', 'scikitplot': '0.3.7', 'yellowbrick': '1.5', 'plotly': '5.17.0', 'plotly-resampler': 'Not installed', 'kaleido': '0.2.1', 'schemdraw': '0.15', 'statsmodels': '0.14.0', 'sktime': '0.21.1', 'tbats': '1.1.3', 'pmdarima': '2.0.3', 'psutil': '5.9.5', 'markupsafe': '2.1.3', 'pickle5': 'Not installed', 'cloudpickle': '2.2.1', 'deprecation': '2.1.0', 'xxhash': '3.4.1', 'wurlitzer': 'Not installed'}, 'python': {'version': '3.10.13', 'machine': 'AMD64'}}
pickle: {'deps_info': {'pip': '23.1.2', 'setuptools': '67.8.0', 'pycaret': '3.0.2', 'IPython': '8.12.2', 'ipywidgets': '8.0.6', 'tqdm': '4.65.0', 'numpy': '1.24.3', 'pandas': '1.5.3', 'jinja2': '3.1.2', 'scipy': '1.10.1', 'joblib': '1.2.0', 'sklearn': '1.2.2', 'pyod': '1.0.9', 'imblearn': '0.10.1', 'category_encoders': '2.6.1', 'lightgbm': '3.3.5', 'numba': '0.57.0', 'requests': '2.29.0', 'matplotlib': '3.7.1', 'scikitplot': '0.3.7', 'yellowbrick': '1.5', 'plotly': '5.15.0', 'kaleido': '0.2.1', 'statsmodels': '0.14.0', 'sktime': '0.17.0', 'tbats': '1.1.3', 'pmdarima': '2.0.3', 'psutil': '5.9.5'}, 'python': {'version': '3.8.16', 'machine': 'arm64'}}
  warnings.warn(

2023-10-18 12:08:57,362:INFO:Initializing load_model()
2023-10-18 12:08:57,362:INFO:load_model(model_name=D:/Python_Project/ICU/Abhishek_Yadav_ICU/ICUPredictionDeepAarogya/Data/ICU_prediction_finetune_xgb, platform=None, authentication=None, verbose=True)
2023-10-18 12:08:57,405:WARNING:C:\Users\abhis\anaconda3\envs\Streamlit_app\lib\site-packages\pycaret\internal\pipeline.py:139: UserWarning: Version mismatch:
current: {'deps_info': {'pip': '23.2.1', 'setuptools': '68.0.0', 'pycaret': '3.1.0', 'IPython': '8.16.1', 'ipywidgets': '8.1.1', 'tqdm': '4.66.1', 'numpy': '1.23.5', 'pandas': '1.5.3', 'jinja2': '3.1.2', 'scipy': '1.10.1', 'joblib': '1.3.2', 'sklearn': '1.2.2', 'pyod': '1.1.0', 'imblearn': '0.11.0', 'category_encoders': '2.6.2', 'lightgbm': '4.1.0', 'numba': '0.58.0', 'requests': '2.31.0', 'matplotlib': '3.8.0', 'scikitplot': '0.3.7', 'yellowbrick': '1.5', 'plotly': '5.17.0', 'plotly-resampler': 'Not installed', 'kaleido': '0.2.1', 'schemdraw': '0.15', 'statsmodels': '0.14.0', 'sktime': '0.21.1', 'tbats': '1.1.3', 'pmdarima': '2.0.3', 'psutil': '5.9.5', 'markupsafe': '2.1.3', 'pickle5': 'Not installed', 'cloudpickle': '2.2.1', 'deprecation': '2.1.0', 'xxhash': '3.4.1', 'wurlitzer': 'Not installed'}, 'python': {'version': '3.10.13', 'machine': 'AMD64'}}
pickle: {'deps_info': {'pip': '23.1.2', 'setuptools': '67.8.0', 'pycaret': '3.0.2', 'IPython': '8.12.2', 'ipywidgets': '8.0.6', 'tqdm': '4.65.0', 'numpy': '1.24.3', 'pandas': '1.5.3', 'jinja2': '3.1.2', 'scipy': '1.10.1', 'joblib': '1.2.0', 'sklearn': '1.2.2', 'pyod': '1.0.9', 'imblearn': '0.10.1', 'category_encoders': '2.6.1', 'lightgbm': '3.3.5', 'numba': '0.57.0', 'requests': '2.29.0', 'matplotlib': '3.7.1', 'scikitplot': '0.3.7', 'yellowbrick': '1.5', 'plotly': '5.15.0', 'kaleido': '0.2.1', 'statsmodels': '0.14.0', 'sktime': '0.17.0', 'tbats': '1.1.3', 'pmdarima': '2.0.3', 'psutil': '5.9.5'}, 'python': {'version': '3.8.16', 'machine': 'arm64'}}
  warnings.warn(

2023-10-18 12:28:01,375:INFO:Initializing load_model()
2023-10-18 12:28:01,375:INFO:load_model(model_name=D:/Python_Project/ICU/Abhishek_Yadav_ICU/ICUPredictionDeepAarogya/Data/ICU_prediction_finetune_xgb, platform=None, authentication=None, verbose=True)
2023-10-18 12:28:01,403:WARNING:C:\Users\abhis\anaconda3\envs\Streamlit_app\lib\site-packages\pycaret\internal\pipeline.py:139: UserWarning: Version mismatch:
current: {'deps_info': {'pip': '23.2.1', 'setuptools': '68.0.0', 'pycaret': '3.1.0', 'IPython': '8.16.1', 'ipywidgets': '8.1.1', 'tqdm': '4.66.1', 'numpy': '1.23.5', 'pandas': '1.5.3', 'jinja2': '3.1.2', 'scipy': '1.10.1', 'joblib': '1.3.2', 'sklearn': '1.2.2', 'pyod': '1.1.0', 'imblearn': '0.11.0', 'category_encoders': '2.6.2', 'lightgbm': '4.1.0', 'numba': '0.58.0', 'requests': '2.31.0', 'matplotlib': '3.8.0', 'scikitplot': '0.3.7', 'yellowbrick': '1.5', 'plotly': '5.17.0', 'plotly-resampler': 'Not installed', 'kaleido': '0.2.1', 'schemdraw': '0.15', 'statsmodels': '0.14.0', 'sktime': '0.21.1', 'tbats': '1.1.3', 'pmdarima': '2.0.3', 'psutil': '5.9.5', 'markupsafe': '2.1.3', 'pickle5': 'Not installed', 'cloudpickle': '2.2.1', 'deprecation': '2.1.0', 'xxhash': '3.4.1', 'wurlitzer': 'Not installed'}, 'python': {'version': '3.10.13', 'machine': 'AMD64'}}
pickle: {'deps_info': {'pip': '23.1.2', 'setuptools': '67.8.0', 'pycaret': '3.0.2', 'IPython': '8.12.2', 'ipywidgets': '8.0.6', 'tqdm': '4.65.0', 'numpy': '1.24.3', 'pandas': '1.5.3', 'jinja2': '3.1.2', 'scipy': '1.10.1', 'joblib': '1.2.0', 'sklearn': '1.2.2', 'pyod': '1.0.9', 'imblearn': '0.10.1', 'category_encoders': '2.6.1', 'lightgbm': '3.3.5', 'numba': '0.57.0', 'requests': '2.29.0', 'matplotlib': '3.7.1', 'scikitplot': '0.3.7', 'yellowbrick': '1.5', 'plotly': '5.15.0', 'kaleido': '0.2.1', 'statsmodels': '0.14.0', 'sktime': '0.17.0', 'tbats': '1.1.3', 'pmdarima': '2.0.3', 'psutil': '5.9.5'}, 'python': {'version': '3.8.16', 'machine': 'arm64'}}
  warnings.warn(

2023-10-18 12:28:26,897:INFO:Initializing load_model()
2023-10-18 12:28:26,897:INFO:load_model(model_name=D:/Python_Project/ICU/Abhishek_Yadav_ICU/ICUPredictionDeepAarogya/Data/ICU_prediction_finetune_xgb, platform=None, authentication=None, verbose=True)
2023-10-18 12:28:26,916:WARNING:C:\Users\abhis\anaconda3\envs\Streamlit_app\lib\site-packages\pycaret\internal\pipeline.py:139: UserWarning: Version mismatch:
current: {'deps_info': {'pip': '23.2.1', 'setuptools': '68.0.0', 'pycaret': '3.1.0', 'IPython': '8.16.1', 'ipywidgets': '8.1.1', 'tqdm': '4.66.1', 'numpy': '1.23.5', 'pandas': '1.5.3', 'jinja2': '3.1.2', 'scipy': '1.10.1', 'joblib': '1.3.2', 'sklearn': '1.2.2', 'pyod': '1.1.0', 'imblearn': '0.11.0', 'category_encoders': '2.6.2', 'lightgbm': '4.1.0', 'numba': '0.58.0', 'requests': '2.31.0', 'matplotlib': '3.8.0', 'scikitplot': '0.3.7', 'yellowbrick': '1.5', 'plotly': '5.17.0', 'plotly-resampler': 'Not installed', 'kaleido': '0.2.1', 'schemdraw': '0.15', 'statsmodels': '0.14.0', 'sktime': '0.21.1', 'tbats': '1.1.3', 'pmdarima': '2.0.3', 'psutil': '5.9.5', 'markupsafe': '2.1.3', 'pickle5': 'Not installed', 'cloudpickle': '2.2.1', 'deprecation': '2.1.0', 'xxhash': '3.4.1', 'wurlitzer': 'Not installed'}, 'python': {'version': '3.10.13', 'machine': 'AMD64'}}
pickle: {'deps_info': {'pip': '23.1.2', 'setuptools': '67.8.0', 'pycaret': '3.0.2', 'IPython': '8.12.2', 'ipywidgets': '8.0.6', 'tqdm': '4.65.0', 'numpy': '1.24.3', 'pandas': '1.5.3', 'jinja2': '3.1.2', 'scipy': '1.10.1', 'joblib': '1.2.0', 'sklearn': '1.2.2', 'pyod': '1.0.9', 'imblearn': '0.10.1', 'category_encoders': '2.6.1', 'lightgbm': '3.3.5', 'numba': '0.57.0', 'requests': '2.29.0', 'matplotlib': '3.7.1', 'scikitplot': '0.3.7', 'yellowbrick': '1.5', 'plotly': '5.15.0', 'kaleido': '0.2.1', 'statsmodels': '0.14.0', 'sktime': '0.17.0', 'tbats': '1.1.3', 'pmdarima': '2.0.3', 'psutil': '5.9.5'}, 'python': {'version': '3.8.16', 'machine': 'arm64'}}
  warnings.warn(

2023-10-18 15:52:47,490:INFO:Initializing load_model()
2023-10-18 15:52:47,493:INFO:load_model(model_name=D:/Python_Project/ICU/Abhishek_Yadav_ICU/ICUPredictionDeepAarogya/Data/ICU_prediction_finetune_xgb, platform=None, authentication=None, verbose=True)
2023-10-18 15:52:47,548:WARNING:C:\Users\abhis\anaconda3\envs\Streamlit_app\lib\site-packages\pycaret\internal\pipeline.py:139: UserWarning: Version mismatch:
current: {'deps_info': {'pip': '23.2.1', 'setuptools': '68.0.0', 'pycaret': '3.1.0', 'IPython': '8.16.1', 'ipywidgets': '8.1.1', 'tqdm': '4.66.1', 'numpy': '1.23.5', 'pandas': '1.5.3', 'jinja2': '3.1.2', 'scipy': '1.10.1', 'joblib': '1.3.2', 'sklearn': '1.2.2', 'pyod': '1.1.0', 'imblearn': '0.11.0', 'category_encoders': '2.6.2', 'lightgbm': '4.1.0', 'numba': '0.58.0', 'requests': '2.31.0', 'matplotlib': '3.8.0', 'scikitplot': '0.3.7', 'yellowbrick': '1.5', 'plotly': '5.17.0', 'plotly-resampler': 'Not installed', 'kaleido': '0.2.1', 'schemdraw': '0.15', 'statsmodels': '0.14.0', 'sktime': '0.21.1', 'tbats': '1.1.3', 'pmdarima': '2.0.3', 'psutil': '5.9.5', 'markupsafe': '2.1.3', 'pickle5': 'Not installed', 'cloudpickle': '2.2.1', 'deprecation': '2.1.0', 'xxhash': '3.4.1', 'wurlitzer': 'Not installed'}, 'python': {'version': '3.10.13', 'machine': 'AMD64'}}
pickle: {'deps_info': {'pip': '23.1.2', 'setuptools': '67.8.0', 'pycaret': '3.0.2', 'IPython': '8.12.2', 'ipywidgets': '8.0.6', 'tqdm': '4.65.0', 'numpy': '1.24.3', 'pandas': '1.5.3', 'jinja2': '3.1.2', 'scipy': '1.10.1', 'joblib': '1.2.0', 'sklearn': '1.2.2', 'pyod': '1.0.9', 'imblearn': '0.10.1', 'category_encoders': '2.6.1', 'lightgbm': '3.3.5', 'numba': '0.57.0', 'requests': '2.29.0', 'matplotlib': '3.7.1', 'scikitplot': '0.3.7', 'yellowbrick': '1.5', 'plotly': '5.15.0', 'kaleido': '0.2.1', 'statsmodels': '0.14.0', 'sktime': '0.17.0', 'tbats': '1.1.3', 'pmdarima': '2.0.3', 'psutil': '5.9.5'}, 'python': {'version': '3.8.16', 'machine': 'arm64'}}
  warnings.warn(

